0 info it worked if it ends with ok
1 verbose cli [ '/usr/local/bin/node',
1 verbose cli   '/usr/local/bin/npm',
1 verbose cli   'install',
1 verbose cli   'caman' ]
2 info using npm@3.10.3
3 info using node@v6.5.0
4 silly loadCurrentTree Starting
5 silly install loadCurrentTree
6 silly install readLocalPackageData
7 silly fetchPackageMetaData caman
8 silly fetchNamedPackageData caman
9 silly mapToRegistry name caman
10 silly mapToRegistry using default registry
11 silly mapToRegistry registry https://registry.npmjs.org/
12 silly mapToRegistry data Result {
12 silly mapToRegistry   raw: 'caman',
12 silly mapToRegistry   scope: null,
12 silly mapToRegistry   escapedName: 'caman',
12 silly mapToRegistry   name: 'caman',
12 silly mapToRegistry   rawSpec: '',
12 silly mapToRegistry   spec: 'latest',
12 silly mapToRegistry   type: 'tag' }
13 silly mapToRegistry uri https://registry.npmjs.org/caman
14 verbose request uri https://registry.npmjs.org/caman
15 verbose request no auth needed
16 info attempt registry request try #1 at 7:25:13 AM
17 verbose request id e173fa193bfa0751
18 verbose etag "5977ba50-1129f"
19 verbose lastModified Tue, 25 Jul 2017 21:38:24 GMT
20 http request GET https://registry.npmjs.org/caman
21 http 304 https://registry.npmjs.org/caman
22 verbose headers { date: 'Thu, 04 Jan 2018 06:25:13 GMT',
22 verbose headers   via: '1.1 varnish',
22 verbose headers   'cache-control': 'max-age=300',
22 verbose headers   etag: '"5977ba50-1129f"',
22 verbose headers   age: '66',
22 verbose headers   connection: 'keep-alive',
22 verbose headers   'x-served-by': 'cache-hhn1522-HHN',
22 verbose headers   'x-cache': 'HIT',
22 verbose headers   'x-cache-hits': '1',
22 verbose headers   'x-timer': 'S1515047114.735198,VS0,VE0',
22 verbose headers   vary: 'Accept-Encoding, Accept' }
23 silly get cb [ 304,
23 silly get   { date: 'Thu, 04 Jan 2018 06:25:13 GMT',
23 silly get     via: '1.1 varnish',
23 silly get     'cache-control': 'max-age=300',
23 silly get     etag: '"5977ba50-1129f"',
23 silly get     age: '66',
23 silly get     connection: 'keep-alive',
23 silly get     'x-served-by': 'cache-hhn1522-HHN',
23 silly get     'x-cache': 'HIT',
23 silly get     'x-cache-hits': '1',
23 silly get     'x-timer': 'S1515047114.735198,VS0,VE0',
23 silly get     vary: 'Accept-Encoding, Accept' } ]
24 verbose etag https://registry.npmjs.org/caman from cache
25 verbose get saving caman to /Users/linusandersen/.npm/registry.npmjs.org/caman/.cache.json
26 verbose correctMkdir /Users/linusandersen/.npm correctMkdir not in flight; initializing
27 silly install normalizeTree
28 silly loadCurrentTree Finishing
29 silly loadIdealTree Starting
30 silly install loadIdealTree
31 silly cloneCurrentTree Starting
32 silly install cloneCurrentTreeToIdealTree
33 silly cloneCurrentTree Finishing
34 silly loadShrinkwrap Starting
35 silly install loadShrinkwrap
36 silly loadShrinkwrap Finishing
37 silly loadAllDepsIntoIdealTree Starting
38 silly install loadAllDepsIntoIdealTree
39 silly resolveWithNewModule caman@4.1.2 checking installable status
40 silly cache add args [ 'caman', null ]
41 verbose cache add spec caman
42 silly cache add parsed spec Result {
42 silly cache add   raw: 'caman',
42 silly cache add   scope: null,
42 silly cache add   escapedName: 'caman',
42 silly cache add   name: 'caman',
42 silly cache add   rawSpec: '',
42 silly cache add   spec: 'latest',
42 silly cache add   type: 'tag' }
43 silly addNamed caman@latest
44 verbose addNamed "latest" is being treated as a dist-tag for caman
45 info addNameTag [ 'caman', 'latest' ]
46 silly mapToRegistry name caman
47 silly mapToRegistry using default registry
48 silly mapToRegistry registry https://registry.npmjs.org/
49 silly mapToRegistry data Result {
49 silly mapToRegistry   raw: 'caman',
49 silly mapToRegistry   scope: null,
49 silly mapToRegistry   escapedName: 'caman',
49 silly mapToRegistry   name: 'caman',
49 silly mapToRegistry   rawSpec: '',
49 silly mapToRegistry   spec: 'latest',
49 silly mapToRegistry   type: 'tag' }
50 silly mapToRegistry uri https://registry.npmjs.org/caman
51 verbose addNameTag registry:https://registry.npmjs.org/caman not in flight; fetching
52 verbose get https://registry.npmjs.org/caman not expired, no request
53 silly addNameTag next cb for caman with tag latest
54 silly addNamed caman@4.1.2
55 verbose addNamed "4.1.2" is a plain semver version for caman
56 silly cache afterAdd caman@4.1.2
57 verbose afterAdd /Users/linusandersen/.npm/caman/4.1.2/package/package.json not in flight; writing
58 verbose correctMkdir /Users/linusandersen/.npm correctMkdir not in flight; initializing
59 verbose afterAdd /Users/linusandersen/.npm/caman/4.1.2/package/package.json written
60 silly fetchNamedPackageData canvas
61 silly mapToRegistry name canvas
62 silly mapToRegistry using default registry
63 silly mapToRegistry registry https://registry.npmjs.org/
64 silly mapToRegistry data Result {
64 silly mapToRegistry   raw: 'canvas',
64 silly mapToRegistry   scope: null,
64 silly mapToRegistry   escapedName: 'canvas',
64 silly mapToRegistry   name: 'canvas',
64 silly mapToRegistry   rawSpec: '',
64 silly mapToRegistry   spec: 'latest',
64 silly mapToRegistry   type: 'tag' }
65 silly mapToRegistry uri https://registry.npmjs.org/canvas
66 verbose request uri https://registry.npmjs.org/canvas
67 verbose request no auth needed
68 info attempt registry request try #1 at 7:25:13 AM
69 verbose etag "5a437135-267d5"
70 verbose lastModified Wed, 27 Dec 2017 10:08:53 GMT
71 http request GET https://registry.npmjs.org/canvas
72 http 304 https://registry.npmjs.org/canvas
73 verbose headers { date: 'Thu, 04 Jan 2018 06:25:13 GMT',
73 verbose headers   via: '1.1 varnish',
73 verbose headers   'cache-control': 'max-age=300',
73 verbose headers   etag: '"5a437135-267d5"',
73 verbose headers   age: '0',
73 verbose headers   connection: 'keep-alive',
73 verbose headers   'x-served-by': 'cache-hhn1522-HHN',
73 verbose headers   'x-cache': 'MISS',
73 verbose headers   'x-cache-hits': '0',
73 verbose headers   'x-timer': 'S1515047114.999168,VS0,VE307',
73 verbose headers   vary: 'Accept-Encoding, Accept' }
74 silly get cb [ 304,
74 silly get   { date: 'Thu, 04 Jan 2018 06:25:13 GMT',
74 silly get     via: '1.1 varnish',
74 silly get     'cache-control': 'max-age=300',
74 silly get     etag: '"5a437135-267d5"',
74 silly get     age: '0',
74 silly get     connection: 'keep-alive',
74 silly get     'x-served-by': 'cache-hhn1522-HHN',
74 silly get     'x-cache': 'MISS',
74 silly get     'x-cache-hits': '0',
74 silly get     'x-timer': 'S1515047114.999168,VS0,VE307',
74 silly get     vary: 'Accept-Encoding, Accept' } ]
75 verbose etag https://registry.npmjs.org/canvas from cache
76 verbose get saving canvas to /Users/linusandersen/.npm/registry.npmjs.org/canvas/.cache.json
77 verbose correctMkdir /Users/linusandersen/.npm correctMkdir not in flight; initializing
78 silly resolveWithNewModule canvas@1.6.9 checking installable status
79 silly cache add args [ 'canvas@*', null ]
80 verbose cache add spec canvas@*
81 silly cache add parsed spec Result {
81 silly cache add   raw: 'canvas@*',
81 silly cache add   scope: null,
81 silly cache add   escapedName: 'canvas',
81 silly cache add   name: 'canvas',
81 silly cache add   rawSpec: '*',
81 silly cache add   spec: '*',
81 silly cache add   type: 'range' }
82 silly addNamed canvas@*
83 verbose addNamed "*" is a valid semver range for canvas
84 silly addNameRange { name: 'canvas', range: '*', hasData: false }
85 silly mapToRegistry name canvas
86 silly mapToRegistry using default registry
87 silly mapToRegistry registry https://registry.npmjs.org/
88 silly mapToRegistry data Result {
88 silly mapToRegistry   raw: 'canvas',
88 silly mapToRegistry   scope: null,
88 silly mapToRegistry   escapedName: 'canvas',
88 silly mapToRegistry   name: 'canvas',
88 silly mapToRegistry   rawSpec: '',
88 silly mapToRegistry   spec: 'latest',
88 silly mapToRegistry   type: 'tag' }
89 silly mapToRegistry uri https://registry.npmjs.org/canvas
90 verbose addNameRange registry:https://registry.npmjs.org/canvas not in flight; fetching
91 verbose get https://registry.npmjs.org/canvas not expired, no request
92 silly addNameRange number 2 { name: 'canvas', range: '*', hasData: true }
93 silly addNameRange versions [ 'canvas',
93 silly addNameRange   [ '0.0.1',
93 silly addNameRange     '0.0.2',
93 silly addNameRange     '0.0.3',
93 silly addNameRange     '0.0.4',
93 silly addNameRange     '0.0.5',
93 silly addNameRange     '0.0.6',
93 silly addNameRange     '0.0.7',
93 silly addNameRange     '0.0.8',
93 silly addNameRange     '0.1.0',
93 silly addNameRange     '0.2.0',
93 silly addNameRange     '0.2.1',
93 silly addNameRange     '0.3.0',
93 silly addNameRange     '0.3.1',
93 silly addNameRange     '0.3.2',
93 silly addNameRange     '0.3.3',
93 silly addNameRange     '0.4.0',
93 silly addNameRange     '0.4.1',
93 silly addNameRange     '0.4.2',
93 silly addNameRange     '0.4.3',
93 silly addNameRange     '0.5.0',
93 silly addNameRange     '0.5.1',
93 silly addNameRange     '0.5.2',
93 silly addNameRange     '0.5.3',
93 silly addNameRange     '0.5.4',
93 silly addNameRange     '0.6.0',
93 silly addNameRange     '0.7.0',
93 silly addNameRange     '0.7.1',
93 silly addNameRange     '0.7.2',
93 silly addNameRange     '0.7.3',
93 silly addNameRange     '0.8.0',
93 silly addNameRange     '0.8.1',
93 silly addNameRange     '0.8.2',
93 silly addNameRange     '0.8.3',
93 silly addNameRange     '0.9.0',
93 silly addNameRange     '0.10.0',
93 silly addNameRange     '0.10.1',
93 silly addNameRange     '0.10.2',
93 silly addNameRange     '0.10.3',
93 silly addNameRange     '0.11.0',
93 silly addNameRange     '0.11.1',
93 silly addNameRange     '0.11.2',
93 silly addNameRange     '0.11.3',
93 silly addNameRange     '0.12.0',
93 silly addNameRange     '0.12.1',
93 silly addNameRange     '0.13.0',
93 silly addNameRange     '0.13.1',
93 silly addNameRange     '1.0.0',
93 silly addNameRange     '1.0.1',
93 silly addNameRange     '1.0.2',
93 silly addNameRange     '1.0.3',
93 silly addNameRange     '1.0.4',
93 silly addNameRange     '1.1.0',
93 silly addNameRange     '1.1.1',
93 silly addNameRange     '1.1.2',
93 silly addNameRange     '1.1.3',
93 silly addNameRange     '1.1.4',
93 silly addNameRange     '1.1.5',
93 silly addNameRange     '1.1.6',
93 silly addNameRange     '1.2.0',
93 silly addNameRange     '1.2.1',
93 silly addNameRange     '1.2.2',
93 silly addNameRange     '1.2.3',
93 silly addNameRange     '1.2.4',
93 silly addNameRange     '1.2.5',
93 silly addNameRange     '1.2.6',
93 silly addNameRange     '1.2.7',
93 silly addNameRange     '1.2.8',
93 silly addNameRange     '1.2.9',
93 silly addNameRange     '1.2.10',
93 silly addNameRange     '1.2.11',
93 silly addNameRange     '1.3.0',
93 silly addNameRange     '1.3.1',
93 silly addNameRange     '1.3.2',
93 silly addNameRange     '1.3.3',
93 silly addNameRange     '1.3.4',
93 silly addNameRange     '1.3.5',
93 silly addNameRange     '1.3.6',
93 silly addNameRange     '1.3.7',
93 silly addNameRange     '1.3.8',
93 silly addNameRange     '1.3.9',
93 silly addNameRange     '1.3.10',
93 silly addNameRange     '1.3.11',
93 silly addNameRange     '1.3.12',
93 silly addNameRange     '1.3.13',
93 silly addNameRange     '1.3.14',
93 silly addNameRange     '1.3.15',
93 silly addNameRange     '1.3.16',
93 silly addNameRange     '1.4.0',
93 silly addNameRange     '1.5.0',
93 silly addNameRange     '1.6.0',
93 silly addNameRange     '1.6.1',
93 silly addNameRange     '1.6.2',
93 silly addNameRange     '1.6.3',
93 silly addNameRange     '1.6.4',
93 silly addNameRange     '1.6.5',
93 silly addNameRange     '2.0.0-alpha.1',
93 silly addNameRange     '2.0.0-alpha.2',
93 silly addNameRange     '1.6.6',
93 silly addNameRange     '2.0.0-alpha.3',
93 silly addNameRange     '2.0.0-alpha.4',
93 silly addNameRange     ... 8 more items ] ]
94 silly addNamed canvas@1.6.9
95 verbose addNamed "1.6.9" is a plain semver version for canvas
96 silly cache afterAdd canvas@1.6.9
97 verbose afterAdd /Users/linusandersen/.npm/canvas/1.6.9/package/package.json not in flight; writing
98 verbose correctMkdir /Users/linusandersen/.npm correctMkdir not in flight; initializing
99 verbose afterAdd /Users/linusandersen/.npm/canvas/1.6.9/package/package.json written
100 silly fetchNamedPackageData nan
101 silly mapToRegistry name nan
102 silly mapToRegistry using default registry
103 silly mapToRegistry registry https://registry.npmjs.org/
104 silly mapToRegistry data Result {
104 silly mapToRegistry   raw: 'nan',
104 silly mapToRegistry   scope: null,
104 silly mapToRegistry   escapedName: 'nan',
104 silly mapToRegistry   name: 'nan',
104 silly mapToRegistry   rawSpec: '',
104 silly mapToRegistry   spec: 'latest',
104 silly mapToRegistry   type: 'tag' }
105 silly mapToRegistry uri https://registry.npmjs.org/nan
106 verbose request uri https://registry.npmjs.org/nan
107 verbose request no auth needed
108 info attempt registry request try #1 at 7:25:14 AM
109 verbose etag "5a3ad7f1-20c2f"
110 verbose lastModified Wed, 20 Dec 2017 21:36:49 GMT
111 http request GET https://registry.npmjs.org/nan
112 http 304 https://registry.npmjs.org/nan
113 verbose headers { date: 'Thu, 04 Jan 2018 06:25:14 GMT',
113 verbose headers   via: '1.1 varnish',
113 verbose headers   'cache-control': 'max-age=300',
113 verbose headers   etag: '"5a3ad7f1-20c2f"',
113 verbose headers   age: '2317',
113 verbose headers   connection: 'keep-alive',
113 verbose headers   'x-served-by': 'cache-hhn1522-HHN',
113 verbose headers   'x-cache': 'HIT',
113 verbose headers   'x-cache-hits': '25',
113 verbose headers   'x-timer': 'S1515047115.599443,VS0,VE0',
113 verbose headers   vary: 'Accept-Encoding, Accept' }
114 silly get cb [ 304,
114 silly get   { date: 'Thu, 04 Jan 2018 06:25:14 GMT',
114 silly get     via: '1.1 varnish',
114 silly get     'cache-control': 'max-age=300',
114 silly get     etag: '"5a3ad7f1-20c2f"',
114 silly get     age: '2317',
114 silly get     connection: 'keep-alive',
114 silly get     'x-served-by': 'cache-hhn1522-HHN',
114 silly get     'x-cache': 'HIT',
114 silly get     'x-cache-hits': '25',
114 silly get     'x-timer': 'S1515047115.599443,VS0,VE0',
114 silly get     vary: 'Accept-Encoding, Accept' } ]
115 verbose etag https://registry.npmjs.org/nan from cache
116 verbose get saving nan to /Users/linusandersen/.npm/registry.npmjs.org/nan/.cache.json
117 verbose correctMkdir /Users/linusandersen/.npm correctMkdir not in flight; initializing
118 silly resolveWithNewModule nan@2.8.0 checking installable status
119 silly cache add args [ 'nan@^2.4.0', null ]
120 verbose cache add spec nan@^2.4.0
121 silly cache add parsed spec Result {
121 silly cache add   raw: 'nan@^2.4.0',
121 silly cache add   scope: null,
121 silly cache add   escapedName: 'nan',
121 silly cache add   name: 'nan',
121 silly cache add   rawSpec: '^2.4.0',
121 silly cache add   spec: '>=2.4.0 <3.0.0',
121 silly cache add   type: 'range' }
122 silly addNamed nan@>=2.4.0 <3.0.0
123 verbose addNamed ">=2.4.0 <3.0.0" is a valid semver range for nan
124 silly addNameRange { name: 'nan', range: '>=2.4.0 <3.0.0', hasData: false }
125 silly mapToRegistry name nan
126 silly mapToRegistry using default registry
127 silly mapToRegistry registry https://registry.npmjs.org/
128 silly mapToRegistry data Result {
128 silly mapToRegistry   raw: 'nan',
128 silly mapToRegistry   scope: null,
128 silly mapToRegistry   escapedName: 'nan',
128 silly mapToRegistry   name: 'nan',
128 silly mapToRegistry   rawSpec: '',
128 silly mapToRegistry   spec: 'latest',
128 silly mapToRegistry   type: 'tag' }
129 silly mapToRegistry uri https://registry.npmjs.org/nan
130 verbose addNameRange registry:https://registry.npmjs.org/nan not in flight; fetching
131 verbose get https://registry.npmjs.org/nan not expired, no request
132 silly addNameRange number 2 { name: 'nan', range: '>=2.4.0 <3.0.0', hasData: true }
133 silly addNameRange versions [ 'nan',
133 silly addNameRange   [ '0.3.0-wip',
133 silly addNameRange     '0.3.0-wip2',
133 silly addNameRange     '0.3.0',
133 silly addNameRange     '0.3.1',
133 silly addNameRange     '0.3.2',
133 silly addNameRange     '0.4.0',
133 silly addNameRange     '0.4.1',
133 silly addNameRange     '0.4.2',
133 silly addNameRange     '0.4.3',
133 silly addNameRange     '0.4.4',
133 silly addNameRange     '0.5.0',
133 silly addNameRange     '0.5.1',
133 silly addNameRange     '0.5.2',
133 silly addNameRange     '0.6.0',
133 silly addNameRange     '0.7.0',
133 silly addNameRange     '0.7.1',
133 silly addNameRange     '0.8.0',
133 silly addNameRange     '1.0.0',
133 silly addNameRange     '1.1.0',
133 silly addNameRange     '1.1.1',
133 silly addNameRange     '1.1.2',
133 silly addNameRange     '1.2.0',
133 silly addNameRange     '1.3.0',
133 silly addNameRange     '1.4.0',
133 silly addNameRange     '1.4.1',
133 silly addNameRange     '1.5.0',
133 silly addNameRange     '1.4.2',
133 silly addNameRange     '1.4.3',
133 silly addNameRange     '1.5.1',
133 silly addNameRange     '1.5.2',
133 silly addNameRange     '1.6.0',
133 silly addNameRange     '1.5.3',
133 silly addNameRange     '1.6.1',
133 silly addNameRange     '1.6.2',
133 silly addNameRange     '1.7.0',
133 silly addNameRange     '1.8.0',
133 silly addNameRange     '1.8.1',
133 silly addNameRange     '1.8.2',
133 silly addNameRange     '1.8.3',
133 silly addNameRange     '1.8.4',
133 silly addNameRange     '1.9.0',
133 silly addNameRange     '2.0.0',
133 silly addNameRange     '2.0.1',
133 silly addNameRange     '2.0.2',
133 silly addNameRange     '2.0.3',
133 silly addNameRange     '2.0.4',
133 silly addNameRange     '2.0.5',
133 silly addNameRange     '2.0.6',
133 silly addNameRange     '2.0.7',
133 silly addNameRange     '2.0.8',
133 silly addNameRange     '2.0.9',
133 silly addNameRange     '2.1.0',
133 silly addNameRange     '2.2.0',
133 silly addNameRange     '2.2.1',
133 silly addNameRange     '2.3.0',
133 silly addNameRange     '2.3.1',
133 silly addNameRange     '2.3.2',
133 silly addNameRange     '2.3.3',
133 silly addNameRange     '2.3.4',
133 silly addNameRange     '2.3.5',
133 silly addNameRange     '2.4.0',
133 silly addNameRange     '2.5.0',
133 silly addNameRange     '2.5.1',
133 silly addNameRange     '2.6.0',
133 silly addNameRange     '2.6.1',
133 silly addNameRange     '2.6.2',
133 silly addNameRange     '2.7.0',
133 silly addNameRange     '2.8.0' ] ]
134 silly addNamed nan@2.8.0
135 verbose addNamed "2.8.0" is a plain semver version for nan
136 silly cache afterAdd nan@2.8.0
137 verbose afterAdd /Users/linusandersen/.npm/nan/2.8.0/package/package.json not in flight; writing
138 verbose correctMkdir /Users/linusandersen/.npm correctMkdir not in flight; initializing
139 verbose afterAdd /Users/linusandersen/.npm/nan/2.8.0/package/package.json written
140 silly loadAllDepsIntoIdealTree Finishing
141 silly loadIdealTree Finishing
142 silly currentTree christmas-pong@1.0.0
142 silly currentTree ├── accepts@1.3.4
142 silly currentTree ├── after@0.8.2
142 silly currentTree ├── array-flatten@1.1.1
142 silly currentTree ├── arraybuffer.slice@0.0.6
142 silly currentTree ├── backo2@1.0.2
142 silly currentTree ├── base64-arraybuffer@0.1.5
142 silly currentTree ├── base64id@1.0.0
142 silly currentTree ├── better-assert@1.0.2
142 silly currentTree ├── blob@0.0.4
142 silly currentTree ├── body-parser@1.18.2
142 silly currentTree ├── bytes@3.0.0
142 silly currentTree ├── callsite@1.0.0
142 silly currentTree ├── component-bind@1.0.0
142 silly currentTree ├── component-emitter@1.1.2
142 silly currentTree ├── component-inherit@0.0.3
142 silly currentTree ├── content-disposition@0.5.2
142 silly currentTree ├── content-type@1.0.4
142 silly currentTree ├── cookie-signature@1.0.6
142 silly currentTree ├── cookie@0.3.1
142 silly currentTree ├── debug@2.6.9
142 silly currentTree ├── depd@1.1.1
142 silly currentTree ├── destroy@1.0.4
142 silly currentTree ├── ee-first@1.1.1
142 silly currentTree ├── encodeurl@1.0.1
142 silly currentTree ├─┬ engine.io-client@1.8.4
142 silly currentTree │ ├── component-emitter@1.2.1
142 silly currentTree │ ├── debug@2.3.3
142 silly currentTree │ ├── ms@0.7.2
142 silly currentTree │ └── ws@1.1.2
142 silly currentTree ├── engine.io-parser@1.3.2
142 silly currentTree ├─┬ engine.io@1.8.4
142 silly currentTree │ ├── accepts@1.3.3
142 silly currentTree │ ├── debug@2.3.3
142 silly currentTree │ └── ms@0.7.2
142 silly currentTree ├── escape-html@1.0.3
142 silly currentTree ├── etag@1.8.1
142 silly currentTree ├── express@4.16.2
142 silly currentTree ├── fibers@2.0.0
142 silly currentTree ├── finalhandler@1.1.0
142 silly currentTree ├── forwarded@0.1.2
142 silly currentTree ├── fresh@0.5.2
142 silly currentTree ├── has-binary@0.1.7
142 silly currentTree ├── has-cors@1.1.0
142 silly currentTree ├─┬ http-errors@1.6.2
142 silly currentTree │ └── setprototypeof@1.0.3
142 silly currentTree ├── iconv-lite@0.4.19
142 silly currentTree ├── indexof@0.0.1
142 silly currentTree ├── inherits@2.0.3
142 silly currentTree ├── ipaddr.js@1.5.2
142 silly currentTree ├── isarray@0.0.1
142 silly currentTree ├── json3@3.3.2
142 silly currentTree ├── media-typer@0.3.0
142 silly currentTree ├── merge-descriptors@1.0.1
142 silly currentTree ├── methods@1.1.2
142 silly currentTree ├── mime-db@1.30.0
142 silly currentTree ├── mime-types@2.1.17
142 silly currentTree ├── mime@1.4.1
142 silly currentTree ├── ms@2.0.0
142 silly currentTree ├── negotiator@0.6.1
142 silly currentTree ├── object-assign@4.1.0
142 silly currentTree ├── object-component@0.0.3
142 silly currentTree ├── on-finished@2.3.0
142 silly currentTree ├── options@0.0.6
142 silly currentTree ├── parsejson@0.0.3
142 silly currentTree ├── parseqs@0.0.5
142 silly currentTree ├── parseuri@0.0.5
142 silly currentTree ├── parseurl@1.3.2
142 silly currentTree ├── path-to-regexp@0.1.7
142 silly currentTree ├── proxy-addr@2.0.2
142 silly currentTree ├── qs@6.5.1
142 silly currentTree ├── range-parser@1.2.0
142 silly currentTree ├── raw-body@2.3.2
142 silly currentTree ├── safe-buffer@5.1.1
142 silly currentTree ├── send@0.16.1
142 silly currentTree ├── serve-static@1.13.1
142 silly currentTree ├── setprototypeof@1.1.0
142 silly currentTree ├─┬ socket.io-adapter@0.5.0
142 silly currentTree │ ├── debug@2.3.3
142 silly currentTree │ └── ms@0.7.2
142 silly currentTree ├─┬ socket.io-client@1.7.4
142 silly currentTree │ ├── component-emitter@1.2.1
142 silly currentTree │ ├── debug@2.3.3
142 silly currentTree │ └── ms@0.7.2
142 silly currentTree ├─┬ socket.io-parser@2.3.1
142 silly currentTree │ ├── debug@2.2.0
142 silly currentTree │ └── ms@0.7.1
142 silly currentTree ├─┬ socket.io@1.7.4
142 silly currentTree │ ├── debug@2.3.3
142 silly currentTree │ └── ms@0.7.2
142 silly currentTree ├── statuses@1.3.1
142 silly currentTree ├── to-array@0.1.4
142 silly currentTree ├── type-is@1.6.15
142 silly currentTree ├── ultron@1.0.2
142 silly currentTree ├── unpipe@1.0.0
142 silly currentTree ├── utils-merge@1.0.1
142 silly currentTree ├── vary@1.1.2
142 silly currentTree ├── ws@1.1.4
142 silly currentTree ├── wtf-8@1.0.0
142 silly currentTree ├── xmlhttprequest-ssl@1.5.3
142 silly currentTree └── yeast@0.1.2
143 silly idealTree christmas-pong@1.0.0
143 silly idealTree ├── accepts@1.3.4
143 silly idealTree ├── after@0.8.2
143 silly idealTree ├── array-flatten@1.1.1
143 silly idealTree ├── arraybuffer.slice@0.0.6
143 silly idealTree ├── backo2@1.0.2
143 silly idealTree ├── base64-arraybuffer@0.1.5
143 silly idealTree ├── base64id@1.0.0
143 silly idealTree ├── better-assert@1.0.2
143 silly idealTree ├── blob@0.0.4
143 silly idealTree ├── body-parser@1.18.2
143 silly idealTree ├── bytes@3.0.0
143 silly idealTree ├── callsite@1.0.0
143 silly idealTree ├── caman@4.1.2
143 silly idealTree ├── canvas@1.6.9
143 silly idealTree ├── component-bind@1.0.0
143 silly idealTree ├── component-emitter@1.1.2
143 silly idealTree ├── component-inherit@0.0.3
143 silly idealTree ├── content-disposition@0.5.2
143 silly idealTree ├── content-type@1.0.4
143 silly idealTree ├── cookie-signature@1.0.6
143 silly idealTree ├── cookie@0.3.1
143 silly idealTree ├── debug@2.6.9
143 silly idealTree ├── depd@1.1.1
143 silly idealTree ├── destroy@1.0.4
143 silly idealTree ├── ee-first@1.1.1
143 silly idealTree ├── encodeurl@1.0.1
143 silly idealTree ├─┬ engine.io-client@1.8.4
143 silly idealTree │ ├── component-emitter@1.2.1
143 silly idealTree │ ├── debug@2.3.3
143 silly idealTree │ ├── ms@0.7.2
143 silly idealTree │ └── ws@1.1.2
143 silly idealTree ├── engine.io-parser@1.3.2
143 silly idealTree ├─┬ engine.io@1.8.4
143 silly idealTree │ ├── accepts@1.3.3
143 silly idealTree │ ├── debug@2.3.3
143 silly idealTree │ └── ms@0.7.2
143 silly idealTree ├── escape-html@1.0.3
143 silly idealTree ├── etag@1.8.1
143 silly idealTree ├── express@4.16.2
143 silly idealTree ├── fibers@2.0.0
143 silly idealTree ├── finalhandler@1.1.0
143 silly idealTree ├── forwarded@0.1.2
143 silly idealTree ├── fresh@0.5.2
143 silly idealTree ├── has-binary@0.1.7
143 silly idealTree ├── has-cors@1.1.0
143 silly idealTree ├─┬ http-errors@1.6.2
143 silly idealTree │ └── setprototypeof@1.0.3
143 silly idealTree ├── iconv-lite@0.4.19
143 silly idealTree ├── indexof@0.0.1
143 silly idealTree ├── inherits@2.0.3
143 silly idealTree ├── ipaddr.js@1.5.2
143 silly idealTree ├── isarray@0.0.1
143 silly idealTree ├── json3@3.3.2
143 silly idealTree ├── media-typer@0.3.0
143 silly idealTree ├── merge-descriptors@1.0.1
143 silly idealTree ├── methods@1.1.2
143 silly idealTree ├── mime-db@1.30.0
143 silly idealTree ├── mime-types@2.1.17
143 silly idealTree ├── mime@1.4.1
143 silly idealTree ├── ms@2.0.0
143 silly idealTree ├── nan@2.8.0
143 silly idealTree ├── negotiator@0.6.1
143 silly idealTree ├── object-assign@4.1.0
143 silly idealTree ├── object-component@0.0.3
143 silly idealTree ├── on-finished@2.3.0
143 silly idealTree ├── options@0.0.6
143 silly idealTree ├── parsejson@0.0.3
143 silly idealTree ├── parseqs@0.0.5
143 silly idealTree ├── parseuri@0.0.5
143 silly idealTree ├── parseurl@1.3.2
143 silly idealTree ├── path-to-regexp@0.1.7
143 silly idealTree ├── proxy-addr@2.0.2
143 silly idealTree ├── qs@6.5.1
143 silly idealTree ├── range-parser@1.2.0
143 silly idealTree ├── raw-body@2.3.2
143 silly idealTree ├── safe-buffer@5.1.1
143 silly idealTree ├── send@0.16.1
143 silly idealTree ├── serve-static@1.13.1
143 silly idealTree ├── setprototypeof@1.1.0
143 silly idealTree ├─┬ socket.io-adapter@0.5.0
143 silly idealTree │ ├── debug@2.3.3
143 silly idealTree │ └── ms@0.7.2
143 silly idealTree ├─┬ socket.io-client@1.7.4
143 silly idealTree │ ├── component-emitter@1.2.1
143 silly idealTree │ ├── debug@2.3.3
143 silly idealTree │ └── ms@0.7.2
143 silly idealTree ├─┬ socket.io-parser@2.3.1
143 silly idealTree │ ├── debug@2.2.0
143 silly idealTree │ └── ms@0.7.1
143 silly idealTree ├─┬ socket.io@1.7.4
143 silly idealTree │ ├── debug@2.3.3
143 silly idealTree │ └── ms@0.7.2
143 silly idealTree ├── statuses@1.3.1
143 silly idealTree ├── to-array@0.1.4
143 silly idealTree ├── type-is@1.6.15
143 silly idealTree ├── ultron@1.0.2
143 silly idealTree ├── unpipe@1.0.0
143 silly idealTree ├── utils-merge@1.0.1
143 silly idealTree ├── vary@1.1.2
143 silly idealTree ├── ws@1.1.4
143 silly idealTree ├── wtf-8@1.0.0
143 silly idealTree ├── xmlhttprequest-ssl@1.5.3
143 silly idealTree └── yeast@0.1.2
144 silly generateActionsToTake Starting
145 silly install generateActionsToTake
146 silly generateActionsToTake Finishing
147 silly diffTrees action count 3
148 silly diffTrees add nan@2.8.0
149 silly diffTrees add canvas@1.6.9
150 silly diffTrees add caman@4.1.2
151 silly decomposeActions action count 24
152 silly decomposeActions fetch nan@2.8.0
153 silly decomposeActions extract nan@2.8.0
154 silly decomposeActions test nan@2.8.0
155 silly decomposeActions preinstall nan@2.8.0
156 silly decomposeActions build nan@2.8.0
157 silly decomposeActions install nan@2.8.0
158 silly decomposeActions postinstall nan@2.8.0
159 silly decomposeActions finalize nan@2.8.0
160 silly decomposeActions fetch canvas@1.6.9
161 silly decomposeActions extract canvas@1.6.9
162 silly decomposeActions test canvas@1.6.9
163 silly decomposeActions preinstall canvas@1.6.9
164 silly decomposeActions build canvas@1.6.9
165 silly decomposeActions install canvas@1.6.9
166 silly decomposeActions postinstall canvas@1.6.9
167 silly decomposeActions finalize canvas@1.6.9
168 silly decomposeActions fetch caman@4.1.2
169 silly decomposeActions extract caman@4.1.2
170 silly decomposeActions test caman@4.1.2
171 silly decomposeActions preinstall caman@4.1.2
172 silly decomposeActions build caman@4.1.2
173 silly decomposeActions install caman@4.1.2
174 silly decomposeActions postinstall caman@4.1.2
175 silly decomposeActions finalize caman@4.1.2
176 silly executeActions Starting
177 silly install executeActions
178 silly doSerial global-install 0
179 silly doParallel fetch 3
180 verbose correctMkdir /Users/linusandersen/.npm/_locks correctMkdir not in flight; initializing
181 verbose lock using /Users/linusandersen/.npm/_locks/staging-b6b5cbf8c52ff33d.lock for /Users/linusandersen/Desktop/WeihnachtsPong/node_modules/.staging
182 silly doParallel extract 3
183 silly extract nan@2.8.0
184 silly extract canvas@1.6.9
185 silly extract caman@4.1.2
186 verbose unbuild node_modules/.staging/nan-93043527
187 verbose unbuild node_modules/.staging/canvas-fdda8014
188 verbose unbuild node_modules/.staging/caman-26ba6f30
189 silly gentlyRm /Users/linusandersen/Desktop/WeihnachtsPong/node_modules/.staging/nan-93043527 is being purged from base /Users/linusandersen/Desktop/WeihnachtsPong
190 verbose gentlyRm don't care about contents; nuking /Users/linusandersen/Desktop/WeihnachtsPong/node_modules/.staging/nan-93043527
191 silly gentlyRm /Users/linusandersen/Desktop/WeihnachtsPong/node_modules/.staging/canvas-fdda8014 is being purged from base /Users/linusandersen/Desktop/WeihnachtsPong
192 verbose gentlyRm don't care about contents; nuking /Users/linusandersen/Desktop/WeihnachtsPong/node_modules/.staging/canvas-fdda8014
193 silly gentlyRm /Users/linusandersen/Desktop/WeihnachtsPong/node_modules/.staging/caman-26ba6f30 is being purged from base /Users/linusandersen/Desktop/WeihnachtsPong
194 verbose gentlyRm don't care about contents; nuking /Users/linusandersen/Desktop/WeihnachtsPong/node_modules/.staging/caman-26ba6f30
195 verbose tar unpack /Users/linusandersen/.npm/nan/2.8.0/package.tgz
196 verbose tar unpacking to /Users/linusandersen/Desktop/WeihnachtsPong/node_modules/.staging/nan-93043527
197 silly gentlyRm /Users/linusandersen/Desktop/WeihnachtsPong/node_modules/.staging/nan-93043527 is being purged
198 verbose gentlyRm don't care about contents; nuking /Users/linusandersen/Desktop/WeihnachtsPong/node_modules/.staging/nan-93043527
199 verbose tar unpack /Users/linusandersen/.npm/canvas/1.6.9/package.tgz
200 verbose tar unpacking to /Users/linusandersen/Desktop/WeihnachtsPong/node_modules/.staging/canvas-fdda8014
201 silly gentlyRm /Users/linusandersen/Desktop/WeihnachtsPong/node_modules/.staging/canvas-fdda8014 is being purged
202 verbose gentlyRm don't care about contents; nuking /Users/linusandersen/Desktop/WeihnachtsPong/node_modules/.staging/canvas-fdda8014
203 verbose tar unpack /Users/linusandersen/.npm/caman/4.1.2/package.tgz
204 verbose tar unpacking to /Users/linusandersen/Desktop/WeihnachtsPong/node_modules/.staging/caman-26ba6f30
205 silly gentlyRm /Users/linusandersen/Desktop/WeihnachtsPong/node_modules/.staging/caman-26ba6f30 is being purged
206 verbose gentlyRm don't care about contents; nuking /Users/linusandersen/Desktop/WeihnachtsPong/node_modules/.staging/caman-26ba6f30
207 silly gunzTarPerm modes [ '755', '644' ]
208 silly gunzTarPerm modes [ '755', '644' ]
209 silly gunzTarPerm modes [ '755', '644' ]
210 silly gunzTarPerm extractEntry package.json
211 silly gunzTarPerm modified mode [ 'package.json', 436, 420 ]
212 silly gunzTarPerm extractEntry package.json
213 silly gunzTarPerm extractEntry package.json
214 silly gunzTarPerm extractEntry README.md
215 silly gunzTarPerm modified mode [ 'README.md', 436, 420 ]
216 silly gunzTarPerm extractEntry .npmignore
217 silly gunzTarPerm extractEntry index.js
218 silly gunzTarPerm extractEntry .npmignore
219 silly gunzTarPerm extractEntry README.md
220 silly gunzTarPerm extractEntry include_dirs.js
221 silly gunzTarPerm modified mode [ 'include_dirs.js', 436, 420 ]
222 silly gunzTarPerm extractEntry History.md
223 silly gunzTarPerm extractEntry Readme.md
224 silly gunzTarPerm extractEntry nan_converters_43_inl.h
225 silly gunzTarPerm modified mode [ 'nan_converters_43_inl.h', 436, 420 ]
226 silly gunzTarPerm extractEntry LICENSE.md
227 silly gunzTarPerm modified mode [ 'LICENSE.md', 436, 420 ]
228 silly gunzTarPerm extractEntry doc/new.md
229 silly gunzTarPerm modified mode [ 'doc/new.md', 436, 420 ]
230 silly gunzTarPerm extractEntry LICENSE
231 silly gunzTarPerm extractEntry script.js
232 silly gunzTarPerm extractEntry doc/asyncworker.md
233 silly gunzTarPerm modified mode [ 'doc/asyncworker.md', 436, 420 ]
234 silly gunzTarPerm extractEntry binding.gyp
235 silly gunzTarPerm extractEntry .github/ISSUE_TEMPLATE.md
236 silly gunzTarPerm extractEntry karma.conf.js
237 silly gunzTarPerm extractEntry .travis.yml
238 silly gunzTarPerm extractEntry doc/callback.md
239 silly gunzTarPerm modified mode [ 'doc/callback.md', 436, 420 ]
240 silly gunzTarPerm extractEntry doc/converters.md
241 silly gunzTarPerm modified mode [ 'doc/converters.md', 436, 420 ]
242 silly gunzTarPerm extractEntry lib/bindings.js
243 silly gunzTarPerm extractEntry lib/canvas.js
244 silly gunzTarPerm extractEntry lib/context2d.js
245 silly gunzTarPerm extractEntry api/extra_list.html
246 silly gunzTarPerm extractEntry lib/image.js
247 silly gunzTarPerm extractEntry doc/errors.md
248 silly gunzTarPerm modified mode [ 'doc/errors.md', 436, 420 ]
249 silly gunzTarPerm extractEntry doc/json.md
250 silly gunzTarPerm modified mode [ 'doc/json.md', 436, 420 ]
251 silly gunzTarPerm extractEntry api/LICENSE.html
252 silly gunzTarPerm extractEntry api/assets/codo.js
253 silly gunzTarPerm extractEntry lib/jpegstream.js
254 silly gunzTarPerm extractEntry lib/parse-font.js
255 silly gunzTarPerm extractEntry doc/maybe_types.md
256 silly gunzTarPerm modified mode [ 'doc/maybe_types.md', 436, 420 ]
257 silly gunzTarPerm extractEntry doc/methods.md
258 silly gunzTarPerm modified mode [ 'doc/methods.md', 436, 420 ]
259 silly gunzTarPerm extractEntry api/assets/search_data.js
260 silly gunzTarPerm extractEntry api/assets/codo.css
261 silly gunzTarPerm extractEntry doc/buffers.md
262 silly gunzTarPerm modified mode [ 'doc/buffers.md', 436, 420 ]
263 silly gunzTarPerm extractEntry doc/node_misc.md
264 silly gunzTarPerm modified mode [ 'doc/node_misc.md', 436, 420 ]
265 silly gunzTarPerm extractEntry lib/pdfstream.js
266 silly gunzTarPerm extractEntry lib/pngstream.js
267 silly gunzTarPerm extractEntry api/class_index.html
268 silly gunzTarPerm extractEntry .travis.yml
269 silly gunzTarPerm extractEntry src/Image.cc
270 silly gunzTarPerm extractEntry doc/object_wrappers.md
271 silly gunzTarPerm modified mode [ 'doc/object_wrappers.md', 436, 420 ]
272 silly gunzTarPerm extractEntry doc/persistent.md
273 silly gunzTarPerm modified mode [ 'doc/persistent.md', 436, 420 ]
274 silly gunzTarPerm extractEntry api/class_list.html
275 silly gunzTarPerm extractEntry api/classes/Caman/IO.html
276 silly gunzTarPerm extractEntry src/Canvas.cc
277 silly gunzTarPerm extractEntry src/CanvasGradient.cc
278 silly gunzTarPerm extractEntry doc/scopes.md
279 silly gunzTarPerm modified mode [ 'doc/scopes.md', 436, 420 ]
280 silly gunzTarPerm extractEntry doc/script.md
281 silly gunzTarPerm modified mode [ 'doc/script.md', 436, 420 ]
282 silly gunzTarPerm extractEntry api/classes/Caman/Analyze.html
283 silly gunzTarPerm extractEntry api/classes/Caman/Calculate.html
284 silly gunzTarPerm extractEntry src/CanvasGradient.h
285 silly gunzTarPerm extractEntry src/CanvasPattern.cc
286 silly gunzTarPerm extractEntry doc/string_bytes.md
287 silly gunzTarPerm modified mode [ 'doc/string_bytes.md', 436, 420 ]
288 silly gunzTarPerm extractEntry doc/v8_internals.md
289 silly gunzTarPerm modified mode [ 'doc/v8_internals.md', 436, 420 ]
290 silly gunzTarPerm extractEntry api/classes/Caman/Convert.html
291 silly gunzTarPerm extractEntry api/classes/Caman/Event.html
292 silly gunzTarPerm extractEntry api/classes/Caman/Filter.html
293 silly gunzTarPerm extractEntry api/classes/Caman/Blender.html
294 silly gunzTarPerm extractEntry src/CanvasPattern.h
295 silly gunzTarPerm extractEntry src/CanvasRenderingContext2d.cc
296 silly gunzTarPerm extractEntry doc/v8_misc.md
297 silly gunzTarPerm modified mode [ 'doc/v8_misc.md', 436, 420 ]
298 silly gunzTarPerm extractEntry nan.h
299 silly gunzTarPerm modified mode [ 'nan.h', 436, 420 ]
300 silly gunzTarPerm extractEntry api/classes/Caman/Layer.html
301 silly gunzTarPerm extractEntry api/classes/Caman/Logger.html
302 silly gunzTarPerm extractEntry api/classes/Caman/Pixel.html
303 silly gunzTarPerm extractEntry api/classes/Caman/Plugin.html
304 silly gunzTarPerm extractEntry api/classes/Caman/Renderer.html
305 silly gunzTarPerm extractEntry nan_callbacks.h
306 silly gunzTarPerm modified mode [ 'nan_callbacks.h', 436, 420 ]
307 silly gunzTarPerm extractEntry nan_callbacks_12_inl.h
308 silly gunzTarPerm modified mode [ 'nan_callbacks_12_inl.h', 436, 420 ]
309 silly gunzTarPerm extractEntry src/CanvasRenderingContext2d.h
310 silly gunzTarPerm extractEntry src/FontFace.cc
311 silly gunzTarPerm extractEntry api/classes/Caman/Store.html
312 silly gunzTarPerm extractEntry api/classes/Caman.html
313 silly gunzTarPerm extractEntry api/classes/CamanParser.html
314 silly gunzTarPerm extractEntry api/classes/Module.html
315 silly gunzTarPerm extractEntry nan_callbacks_pre_12_inl.h
316 silly gunzTarPerm modified mode [ 'nan_callbacks_pre_12_inl.h', 436, 420 ]
317 silly gunzTarPerm extractEntry nan_converters.h
318 silly gunzTarPerm modified mode [ 'nan_converters.h', 436, 420 ]
319 silly gunzTarPerm extractEntry nan_converters_pre_43_inl.h
320 silly gunzTarPerm modified mode [ 'nan_converters_pre_43_inl.h', 436, 420 ]
321 silly gunzTarPerm extractEntry src/FontFace.h
322 silly gunzTarPerm extractEntry src/Canvas.h
323 silly gunzTarPerm extractEntry nan_implementation_12_inl.h
324 silly gunzTarPerm modified mode [ 'nan_implementation_12_inl.h', 436, 420 ]
325 silly gunzTarPerm extractEntry src/Image.h
326 silly gunzTarPerm extractEntry src/ImageData.cc
327 silly gunzTarPerm extractEntry api/classes/Util.html
328 silly gunzTarPerm extractEntry api/README.md.html
329 silly gunzTarPerm extractEntry nan_implementation_pre_12_inl.h
330 silly gunzTarPerm modified mode [ 'nan_implementation_pre_12_inl.h', 436, 420 ]
331 silly gunzTarPerm extractEntry nan_json.h
332 silly gunzTarPerm modified mode [ 'nan_json.h', 436, 420 ]
333 silly gunzTarPerm extractEntry nan_maybe_43_inl.h
334 silly gunzTarPerm modified mode [ 'nan_maybe_43_inl.h', 436, 420 ]
335 silly gunzTarPerm extractEntry nan_maybe_pre_43_inl.h
336 silly gunzTarPerm modified mode [ 'nan_maybe_pre_43_inl.h', 436, 420 ]
337 silly gunzTarPerm extractEntry src/ImageData.h
338 silly gunzTarPerm extractEntry src/JPEGStream.h
339 silly gunzTarPerm extractEntry api/file_list.html
340 silly gunzTarPerm extractEntry api/files/core/filter.coffee.html
341 silly gunzTarPerm extractEntry nan_new.h
342 silly gunzTarPerm modified mode [ 'nan_new.h', 436, 420 ]
343 silly gunzTarPerm extractEntry nan_object_wrap.h
344 silly gunzTarPerm modified mode [ 'nan_object_wrap.h', 436, 420 ]
345 silly gunzTarPerm extractEntry src/PNG.h
346 silly gunzTarPerm extractEntry src/Point.h
347 silly gunzTarPerm extractEntry api/files/core/analyze.coffee.html
348 silly gunzTarPerm extractEntry api/files/core/blender.coffee.html
349 silly gunzTarPerm extractEntry nan_persistent_12_inl.h
350 silly gunzTarPerm modified mode [ 'nan_persistent_12_inl.h', 436, 420 ]
351 silly gunzTarPerm extractEntry nan_persistent_pre_12_inl.h
352 silly gunzTarPerm modified mode [ 'nan_persistent_pre_12_inl.h', 436, 420 ]
353 silly gunzTarPerm extractEntry src/closure.h
354 silly gunzTarPerm extractEntry src/color.cc
355 silly gunzTarPerm extractEntry api/files/core/calculate.coffee.html
356 silly gunzTarPerm extractEntry api/files/core/caman.coffee.html
357 silly gunzTarPerm extractEntry nan_private.h
358 silly gunzTarPerm modified mode [ 'nan_private.h', 436, 420 ]
359 silly gunzTarPerm extractEntry nan_string_bytes.h
360 silly gunzTarPerm modified mode [ 'nan_string_bytes.h', 436, 420 ]
361 silly gunzTarPerm extractEntry src/color.h
362 silly gunzTarPerm extractEntry src/init.cc
363 silly gunzTarPerm extractEntry util/has_lib.sh
364 silly gunzTarPerm extractEntry api/files/core/convert.coffee.html
365 silly gunzTarPerm extractEntry api/files/core/event.coffee.html
366 silly gunzTarPerm extractEntry nan_typedarray_contents.h
367 silly gunzTarPerm modified mode [ 'nan_typedarray_contents.h', 436, 420 ]
368 silly gunzTarPerm extractEntry nan_weak.h
369 silly gunzTarPerm modified mode [ 'nan_weak.h', 436, 420 ]
370 silly gunzTarPerm extractEntry api/files/core/autoload.coffee.html
371 silly gunzTarPerm extractEntry api/files/core/io.coffee.html
372 silly gunzTarPerm extractEntry CHANGELOG.md
373 silly gunzTarPerm modified mode [ 'CHANGELOG.md', 436, 420 ]
374 silly gunzTarPerm extractEntry tools/package.json
375 silly gunzTarPerm modified mode [ 'tools/package.json', 436, 420 ]
376 silly gunzTarPerm extractEntry api/files/core/layer.coffee.html
377 silly gunzTarPerm extractEntry api/files/core/pixel.coffee.html
378 silly gunzTarPerm extractEntry tools/README.md
379 silly gunzTarPerm modified mode [ 'tools/README.md', 436, 420 ]
380 silly gunzTarPerm extractEntry tools/1to2.js
381 silly gunzTarPerm modified mode [ 'tools/1to2.js', 509, 493 ]
382 silly gunzTarPerm extractEntry api/files/core/plugin.coffee.html
383 silly gunzTarPerm extractEntry api/files/core/renderer.coffee.html
384 silly gunzTarPerm extractEntry api/files/core/store.coffee.html
385 silly gunzTarPerm extractEntry api/files/core/util.coffee.html
386 silly gunzTarPerm extractEntry api/index.html
387 silly gunzTarPerm extractEntry api/method_list.html
388 silly gunzTarPerm extractEntry api/mixin_list.html
389 silly gunzTarPerm extractEntry .gitmodules
390 silly gunzTarPerm extractEntry dist/caman.full.js
391 silly gunzTarPerm extractEntry dist/caman.full.min.js
392 silly gunzTarPerm extractEntry dist/caman.full.pack.js
393 silly gunzTarPerm extractEntry dist/caman.js
394 silly gunzTarPerm extractEntry dist/caman.min.js
395 silly gunzTarPerm extractEntry dist/caman.pack.js
396 silly gunzTarPerm extractEntry dist/caman.coffee
397 silly gunzTarPerm extractEntry dist/caman.full.coffee
398 silly gunzTarPerm extractEntry dist/caman.full.map
399 silly gunzTarPerm extractEntry dist/caman.map
400 silly gunzTarPerm extractEntry Cakefile
401 silly gunzTarPerm extractEntry libpeerconnection.log
402 silly gunzTarPerm extractEntry output.jpg
403 silly gentlyRm /Users/linusandersen/Desktop/WeihnachtsPong/node_modules/.staging/canvas-fdda8014/node_modules is being purged
404 verbose gentlyRm don't care about contents; nuking /Users/linusandersen/Desktop/WeihnachtsPong/node_modules/.staging/canvas-fdda8014/node_modules
405 silly gunzTarPerm extractEntry .codoopts
406 silly gunzTarPerm extractEntry proxies/caman_proxy.php
407 silly gunzTarPerm extractEntry bower.json
408 silly gentlyRm /Users/linusandersen/Desktop/WeihnachtsPong/node_modules/.staging/nan-93043527/node_modules is being purged
409 verbose gentlyRm don't care about contents; nuking /Users/linusandersen/Desktop/WeihnachtsPong/node_modules/.staging/nan-93043527/node_modules
410 silly gentlyRm /Users/linusandersen/Desktop/WeihnachtsPong/node_modules/.staging/caman-26ba6f30/node_modules is being purged
411 verbose gentlyRm don't care about contents; nuking /Users/linusandersen/Desktop/WeihnachtsPong/node_modules/.staging/caman-26ba6f30/node_modules
412 silly doParallel preinstall 3
413 silly preinstall nan@2.8.0 /Users/linusandersen/Desktop/WeihnachtsPong/node_modules/.staging/nan-93043527
414 info lifecycle nan@2.8.0~preinstall: nan@2.8.0
415 silly preinstall canvas@1.6.9 /Users/linusandersen/Desktop/WeihnachtsPong/node_modules/.staging/canvas-fdda8014
416 info lifecycle canvas@1.6.9~preinstall: canvas@1.6.9
417 silly preinstall caman@4.1.2 /Users/linusandersen/Desktop/WeihnachtsPong/node_modules/.staging/caman-26ba6f30
418 info lifecycle caman@4.1.2~preinstall: caman@4.1.2
419 silly lifecycle nan@2.8.0~preinstall: no script for preinstall, continuing
420 silly lifecycle canvas@1.6.9~preinstall: no script for preinstall, continuing
421 silly lifecycle caman@4.1.2~preinstall: no script for preinstall, continuing
422 silly doReverseSerial remove 0
423 silly doSerial move 0
424 silly doSerial finalize 3
425 silly finalize /Users/linusandersen/Desktop/WeihnachtsPong/node_modules/nan
426 silly finalize /Users/linusandersen/Desktop/WeihnachtsPong/node_modules/canvas
427 silly finalize /Users/linusandersen/Desktop/WeihnachtsPong/node_modules/caman
428 silly doSerial build 3
429 silly build nan@2.8.0
430 info linkStuff nan@2.8.0
431 silly linkStuff nan@2.8.0 has /Users/linusandersen/Desktop/WeihnachtsPong/node_modules as its parent node_modules
432 verbose linkBins nan@2.8.0
433 verbose linkMans nan@2.8.0
434 silly build canvas@1.6.9
435 info linkStuff canvas@1.6.9
436 silly linkStuff canvas@1.6.9 has /Users/linusandersen/Desktop/WeihnachtsPong/node_modules as its parent node_modules
437 verbose linkBins canvas@1.6.9
438 verbose linkMans canvas@1.6.9
439 silly build caman@4.1.2
440 info linkStuff caman@4.1.2
441 silly linkStuff caman@4.1.2 has /Users/linusandersen/Desktop/WeihnachtsPong/node_modules as its parent node_modules
442 verbose linkBins caman@4.1.2
443 verbose linkMans caman@4.1.2
444 silly doSerial global-link 0
445 silly doParallel update-linked 0
446 silly doSerial install 3
447 silly install nan@2.8.0 /Users/linusandersen/Desktop/WeihnachtsPong/node_modules/.staging/nan-93043527
448 info lifecycle nan@2.8.0~install: nan@2.8.0
449 silly lifecycle nan@2.8.0~install: no script for install, continuing
450 silly install canvas@1.6.9 /Users/linusandersen/Desktop/WeihnachtsPong/node_modules/.staging/canvas-fdda8014
451 info lifecycle canvas@1.6.9~install: canvas@1.6.9
452 verbose lifecycle canvas@1.6.9~install: unsafe-perm in lifecycle true
453 verbose lifecycle canvas@1.6.9~install: PATH: /usr/local/lib/node_modules/npm/bin/node-gyp-bin:/Users/linusandersen/Desktop/WeihnachtsPong/node_modules/canvas/node_modules/.bin:/Users/linusandersen/Desktop/WeihnachtsPong/node_modules/.bin:/usr/local/bin:/Library/Frameworks/Python.framework/Versions/3.5/bin:/Library/Frameworks/Python.framework/Versions/3.5/bin:/usr/local/bin:/usr/bin:/bin:/usr/sbin:/sbin:/opt/X11/bin:/Library/TeX/texbin
454 verbose lifecycle canvas@1.6.9~install: CWD: /Users/linusandersen/Desktop/WeihnachtsPong/node_modules/canvas
455 silly lifecycle canvas@1.6.9~install: Args: [ '-c', 'node-gyp rebuild' ]
456 silly lifecycle canvas@1.6.9~install: Returned: code: 1  signal: null
457 info lifecycle canvas@1.6.9~install: Failed to exec install script
458 verbose unlock done using /Users/linusandersen/.npm/_locks/staging-b6b5cbf8c52ff33d.lock for /Users/linusandersen/Desktop/WeihnachtsPong/node_modules/.staging
459 silly rollbackFailedOptional Starting
460 silly rollbackFailedOptional Finishing
461 silly runTopLevelLifecycles Starting
462 silly runTopLevelLifecycles Finishing
463 silly install printInstalled
464 warn christmas-pong@1.0.0 No description
465 warn christmas-pong@1.0.0 No repository field.
466 warn christmas-pong@1.0.0 license should be a valid SPDX license expression
467 verbose stack Error: canvas@1.6.9 install: `node-gyp rebuild`
467 verbose stack Exit status 1
467 verbose stack     at EventEmitter.<anonymous> (/usr/local/lib/node_modules/npm/lib/utils/lifecycle.js:242:16)
467 verbose stack     at emitTwo (events.js:106:13)
467 verbose stack     at EventEmitter.emit (events.js:191:7)
467 verbose stack     at ChildProcess.<anonymous> (/usr/local/lib/node_modules/npm/lib/utils/spawn.js:40:14)
467 verbose stack     at emitTwo (events.js:106:13)
467 verbose stack     at ChildProcess.emit (events.js:191:7)
467 verbose stack     at maybeClose (internal/child_process.js:877:16)
467 verbose stack     at Process.ChildProcess._handle.onexit (internal/child_process.js:226:5)
468 verbose pkgid canvas@1.6.9
469 verbose cwd /Users/linusandersen/Desktop/WeihnachtsPong
470 error Darwin 16.7.0
471 error argv "/usr/local/bin/node" "/usr/local/bin/npm" "install" "caman"
472 error node v6.5.0
473 error npm  v3.10.3
474 error code ELIFECYCLE
475 error canvas@1.6.9 install: `node-gyp rebuild`
475 error Exit status 1
476 error Failed at the canvas@1.6.9 install script 'node-gyp rebuild'.
476 error Make sure you have the latest version of node.js and npm installed.
476 error If you do, this is most likely a problem with the canvas package,
476 error not with npm itself.
476 error Tell the author that this fails on your system:
476 error     node-gyp rebuild
476 error You can get information on how to open an issue for this project with:
476 error     npm bugs canvas
476 error Or if that isn't available, you can get their info via:
476 error     npm owner ls canvas
476 error There is likely additional logging output above.
477 verbose exit [ 1, true ]
